{"level":"info","message":"Starting Vite dev server...","timestamp":"2026-01-02 21:08:47"}
{"level":"info","message":"Backend health check passed","timestamp":"2026-01-02 21:08:47"}
{"level":"error","message":"TMDB API check failed: The operation was aborted.","timestamp":"2026-01-02 21:08:52"}
{"level":"info","message":"Frontend server running on http://localhost:5173","timestamp":"2026-01-02 21:08:52"}
{"level":"info","message":"Vite HMR enabled - watching for file changes","timestamp":"2026-01-02 21:08:52"}
{"level":"info","message":"Frontend server shutting down gracefully","timestamp":"2026-01-02 21:33:08"}
{"level":"info","message":"Starting Vite dev server...","timestamp":"2026-01-02 21:34:10"}
{"level":"error","message":"Backend check failed: request to http://localhost:5000/health failed, reason: ","timestamp":"2026-01-02 21:34:10"}
{"level":"error","message":"TMDB API check failed: request to http://localhost:5000/api/tmdb/health failed, reason: ","timestamp":"2026-01-02 21:34:10"}
{"level":"info","message":"Frontend server running on http://localhost:5173","timestamp":"2026-01-02 21:34:10"}
{"level":"info","message":"Vite HMR enabled - watching for file changes","timestamp":"2026-01-02 21:34:10"}
{"level":"info","message":"Frontend server shutting down gracefully","timestamp":"2026-01-02 21:34:16"}
{"level":"info","message":"Starting Vite dev server...","timestamp":"2026-01-02 21:38:22"}
{"level":"info","message":"Backend health check passed","timestamp":"2026-01-02 21:38:22"}
{"level":"info","message":"TMDB API health check passed","timestamp":"2026-01-02 21:38:23"}
{"level":"info","message":"Frontend server running on http://localhost:5173","timestamp":"2026-01-02 21:38:23"}
{"level":"info","message":"Vite HMR enabled - watching for file changes","timestamp":"2026-01-02 21:38:23"}
{"level":"info","message":"Frontend server shutting down gracefully","timestamp":"2026-01-02 22:07:53"}
{"level":"info","message":"Starting Vite dev server...","timestamp":"2026-01-02 22:07:56"}
{"level":"info","message":"Backend health check passed","timestamp":"2026-01-02 22:07:56"}
{"level":"error","message":"TMDB API check failed: The operation was aborted.","timestamp":"2026-01-02 22:08:01"}
{"level":"info","message":"Frontend server running on http://localhost:5173","timestamp":"2026-01-02 22:08:01"}
{"level":"info","message":"Vite HMR enabled - watching for file changes","timestamp":"2026-01-02 22:08:01"}
{"level":"info","message":"Frontend server shutting down gracefully","timestamp":"2026-01-02 22:08:43"}
{"level":"info","message":"Starting Vite dev server...","timestamp":"2026-01-02 22:08:45"}
{"level":"info","message":"Backend health check passed","timestamp":"2026-01-02 22:08:45"}
{"level":"info","message":"TMDB API health check passed","timestamp":"2026-01-02 22:08:46"}
{"level":"info","message":"Frontend server running on http://localhost:5173","timestamp":"2026-01-02 22:08:46"}
{"level":"info","message":"Vite HMR enabled - watching for file changes","timestamp":"2026-01-02 22:08:46"}
{"level":"info","message":"Frontend server shutting down gracefully","timestamp":"2026-01-02 22:10:17"}
